00:00:11.982163 VirtualBox VM 7.0.22 r165102 win.amd64 (Oct 14 2024 16:20:49) release log
00:00:11.982167 Log opened 2025-04-17T11:00:17.083625000Z
00:00:11.982168 Build Type: release
00:00:11.982171 OS Product: Windows 11
00:00:11.982173 OS Release: 10.0.26100
00:00:11.982173 OS Service Pack: 
00:00:12.195899 DMI Product Name: 83GS
00:00:12.211899 DMI Product Version: LOQ 15IAX9
00:00:12.211919 Firmware type: UEFI
00:00:12.212606 Secure Boot: VERR_PRIVILEGE_NOT_HELD
00:00:12.212641 Host RAM: 24283MB (23.7GB) total, 9425MB (9.2GB) available
00:00:12.212645 Executable: C:\Program Files\Oracle\VirtualBox\VirtualBoxVM.exe
00:00:12.212646 Process ID: 7708
00:00:12.212646 Package type: WINDOWS_64BITS_GENERIC
00:00:12.214126 Installed Extension Packs:
00:00:12.215894   None installed!
00:00:12.216624 ERROR [COM]: aRC=VBOX_E_INVALID_OBJECT_STATE (0x80bb0007) aIID={d7b98d2b-30e8-447e-99cb-e31becae6ae4} aComponent={ProgressWrap} aText={Operation cannot be canceled}, preserve=false aResultDetail=0
00:00:12.217060 Console: Machine state changed to 'Starting'
00:00:12.217397 Qt version: 5.15.2
00:00:12.233219 GUI: UIMediumEnumerator: Medium-enumeration finished!
00:00:12.376135 SUP: seg #0: R   0x00000000 LB 0x00001000
00:00:12.376176 SUP: seg #1: R X 0x00001000 LB 0x00179000
00:00:12.376186 SUP: seg #2: R   0x0017a000 LB 0x00051000
00:00:12.376194 SUP: seg #3: RW  0x001cb000 LB 0x00013000
00:00:12.376203 SUP: seg #4: R   0x001de000 LB 0x00011000
00:00:12.376211 SUP: seg #5: RW  0x001ef000 LB 0x00004000
00:00:12.376220 SUP: seg #6: R   0x001f3000 LB 0x00010000
00:00:12.376228 SUP: seg #7: R X 0x00203000 LB 0x00002000
00:00:12.376236 SUP: seg #8: R   0x00205000 LB 0x00007000
00:00:12.381585 SUP: Loaded VMMR0.r0 (C:\Program Files\Oracle\VirtualBox/VMMR0.r0) at 0xXXXXXXXXXXXXXXXX - ModuleInit at XXXXXXXXXXXXXXXX and ModuleTerm at XXXXXXXXXXXXXXXX using the native ring-0 loader
00:00:12.381657 SUP: VMMR0EntryEx located at XXXXXXXXXXXXXXXX and VMMR0EntryFast at XXXXXXXXXXXXXXXX
00:00:12.381671 SUP: windbg> .reload /f C:\Program Files\Oracle\VirtualBox/VMMR0.r0=0xXXXXXXXXXXXXXXXX
00:00:12.387363 Guest OS type: 'Ubuntu_64'
00:00:12.388155 fHMForced=true - No raw-mode support in this build!
00:00:12.393097 File system of 'E:\site-ecommerce\memoire\Unattended-52fcc80d-edb1-49e2-857e-12ec01462f19-aux-iso.viso' (DVD) is ntfs
00:00:12.395845 File system of 'E:\site-ecommerce\memoire\memoire.vdi' is ntfs
00:00:12.402628 Audio: Detected default audio driver type is 'HostAudioWas'
00:00:12.435317 Shared Clipboard: Service loaded
00:00:12.435374 Shared Clipboard: Mode: Off
00:00:12.435596 Shared Clipboard: Service running in normal mode
00:00:12.465264 Drag and drop service loaded
00:00:12.465302 Drag and drop mode: Off
00:00:12.467661 ************************* CFGM dump *************************
00:00:12.467666 [/] (level 0)
00:00:12.467669   CpuExecutionCap   <integer> = 0x0000000000000064 (100)
00:00:12.467672   EnablePAE         <integer> = 0x0000000000000001 (1)
00:00:12.467673   HMEnabled         <integer> = 0x0000000000000001 (1)
00:00:12.467674   MemBalloonSize    <integer> = 0x0000000000000000 (0, 0 B)
00:00:12.467676   Name              <string>  = "memoire" (cb=8)
00:00:12.467678   NumCPUs           <integer> = 0x0000000000000003 (3)
00:00:12.467679   PageFusionAllowed <integer> = 0x0000000000000000 (0)
00:00:12.467679   RamHoleSize       <integer> = 0x0000000020000000 (536 870 912, 512.0 MiB)
00:00:12.467682   RamSize           <integer> = 0x0000000158500000 (5 776 605 184, 5.3 GiB)
00:00:12.467683   TimerMillies      <integer> = 0x000000000000000a (10)
00:00:12.467684   UUID              <bytes>   = "0d c8 fc 52 b1 ed e2 49 85 7e 12 ec 01 46 2f 19" (cb=16)
00:00:12.467690 
00:00:12.467691 [/CPUM/] (level 1)
00:00:12.467692   Enable64bit        <integer> = 0x0000000000000001 (1)
00:00:12.467693   GuestCpuName       <string>  = "host" (cb=5)
00:00:12.467694   NestedHWVirt       <integer> = 0x0000000000000000 (0)
00:00:12.467695   PortableCpuIdLevel <integer> = 0x0000000000000000 (0)
00:00:12.467695   SpecCtrl           <integer> = 0x0000000000000000 (0)
00:00:12.467696 
00:00:12.467696 [/CPUM/IsaExts/] (level 2)
00:00:12.467697 
00:00:12.467698 [/DBGC/] (level 1)
00:00:12.467699   GlobalInitScript <string>  = "C:\Users\MARWAN\.VirtualBox/dbgc-init" (cb=38)
00:00:12.467700   HistoryFile      <string>  = "C:\Users\MARWAN\.VirtualBox/dbgc-history" (cb=41)
00:00:12.467700   LocalInitScript  <string>  = "E:\site-ecommerce\memoire/dbgc-init" (cb=36)
00:00:12.467701 
00:00:12.467701 [/DBGF/] (level 1)
00:00:12.467702   Path <string>  = "E:\site-ecommerce\memoire/debug/;E:\site-ecommerce\memoire/;cache*E:\site-ecommerce\memoire/dbgcache/;C:\Users\MARWAN\" (cb=119)
00:00:12.467703 
00:00:12.467703 [/Devices/] (level 1)
00:00:12.467704 
00:00:12.467704 [/Devices/3c501/] (level 2)
00:00:12.467705 
00:00:12.467706 [/Devices/8237A/] (level 2)
00:00:12.467706 
00:00:12.467707 [/Devices/8237A/0/] (level 3)
00:00:12.467708   Trusted <integer> = 0x0000000000000001 (1)
00:00:12.467708 
00:00:12.467709 [/Devices/GIMDev/] (level 2)
00:00:12.467710 
00:00:12.467710 [/Devices/GIMDev/0/] (level 3)
00:00:12.467711   Trusted <integer> = 0x0000000000000001 (1)
00:00:12.467711 
00:00:12.467712 [/Devices/VMMDev/] (level 2)
00:00:12.467712 
00:00:12.467713 [/Devices/VMMDev/0/] (level 3)
00:00:12.467714   PCIBusNo      <integer> = 0x0000000000000000 (0)
00:00:12.467715   PCIDeviceNo   <integer> = 0x0000000000000004 (4)
00:00:12.467716   PCIFunctionNo <integer> = 0x0000000000000000 (0)
00:00:12.467716   Trusted       <integer> = 0x0000000000000001 (1)
00:00:12.467717 
00:00:12.467717 [/Devices/VMMDev/0/Config/] (level 4)
00:00:12.467718   GuestCoreDumpDir <string>  = "E:\site-ecommerce\memoire\Snapshots" (cb=36)
00:00:12.467719 
00:00:12.467719 [/Devices/VMMDev/0/LUN#0/] (level 4)
00:00:12.467720   Driver <string>  = "HGCM" (cb=5)
00:00:12.467721 
00:00:12.467721 [/Devices/VMMDev/0/LUN#0/Config/] (level 5)
00:00:12.467722 
00:00:12.467723 [/Devices/VMMDev/0/LUN#999/] (level 4)
00:00:12.467724   Driver <string>  = "MainStatus" (cb=11)
00:00:12.467724 
00:00:12.467725 [/Devices/VMMDev/0/LUN#999/Config/] (level 5)
00:00:12.467726   First                <integer> = 0x0000000000000000 (0)
00:00:12.467727   HasMediumAttachments <integer> = 0x0000000000000000 (0)
00:00:12.467728   Last                 <integer> = 0x0000000000000000 (0)
00:00:12.467728   iLedSet              <integer> = 0x0000000000000006 (6)
00:00:12.467729 
00:00:12.467730 [/Devices/acpi/] (level 2)
00:00:12.467730 
00:00:12.467731 [/Devices/acpi/0/] (level 3)
00:00:12.467731   PCIBusNo      <integer> = 0x0000000000000000 (0)
00:00:12.467732   PCIDeviceNo   <integer> = 0x0000000000000007 (7)
00:00:12.467733   PCIFunctionNo <integer> = 0x0000000000000000 (0)
00:00:12.467733   Trusted       <integer> = 0x0000000000000001 (1)
00:00:12.467734 
00:00:12.467734 [/Devices/acpi/0/Config/] (level 4)
00:00:12.467736   CpuHotPlug          <integer> = 0x0000000000000000 (0)
00:00:12.467737   FdcEnabled          <integer> = 0x0000000000000000 (0)
00:00:12.467738   HostBusPciAddress   <integer> = 0x0000000000000000 (0)
00:00:12.467738   HpetEnabled         <integer> = 0x0000000000000000 (0)
00:00:12.467739   IOAPIC              <integer> = 0x0000000000000001 (1)
00:00:12.467740   IocPciAddress       <integer> = 0x0000000000010000 (65 536)
00:00:12.467741   NumCPUs             <integer> = 0x0000000000000003 (3)
00:00:12.467742   Parallel0IoPortBase <integer> = 0x0000000000000000 (0)
00:00:12.467743   Parallel0Irq        <integer> = 0x0000000000000000 (0)
00:00:12.467743   Parallel1IoPortBase <integer> = 0x0000000000000000 (0)
00:00:12.467744   Parallel1Irq        <integer> = 0x0000000000000000 (0)
00:00:12.467745   Serial0IoPortBase   <integer> = 0x0000000000000000 (0)
00:00:12.467745   Serial0Irq          <integer> = 0x0000000000000000 (0)
00:00:12.467746   Serial1IoPortBase   <integer> = 0x0000000000000000 (0)
00:00:12.467747   Serial1Irq          <integer> = 0x0000000000000000 (0)
00:00:12.467747   ShowCpu             <integer> = 0x0000000000000001 (1)
00:00:12.467748   ShowRtc             <integer> = 0x0000000000000000 (0)
00:00:12.467749   SmcEnabled          <integer> = 0x0000000000000000 (0)
00:00:12.467750 
00:00:12.467750 [/Devices/acpi/0/LUN#0/] (level 4)
00:00:12.467751   Driver <string>  = "ACPIHost" (cb=9)
00:00:12.467752 
00:00:12.467752 [/Devices/acpi/0/LUN#0/Config/] (level 5)
00:00:12.467753 
00:00:12.467753 [/Devices/acpi/0/LUN#1/] (level 4)
00:00:12.467754   Driver <string>  = "ACPICpu" (cb=8)
00:00:12.467755 
00:00:12.467755 [/Devices/acpi/0/LUN#1/Config/] (level 5)
00:00:12.467756 
00:00:12.467756 [/Devices/acpi/0/LUN#2/] (level 4)
00:00:12.467757   Driver <string>  = "ACPICpu" (cb=8)
00:00:12.467757 
00:00:12.467758 [/Devices/acpi/0/LUN#2/Config/] (level 5)
00:00:12.467759 
00:00:12.467759 [/Devices/ahci/] (level 2)
00:00:12.467760 
00:00:12.467760 [/Devices/ahci/0/] (level 3)
00:00:12.467761   PCIBusNo      <integer> = 0x0000000000000000 (0)
00:00:12.467762   PCIDeviceNo   <integer> = 0x000000000000000d (13)
00:00:12.467762   PCIFunctionNo <integer> = 0x0000000000000000 (0)
00:00:12.467763   Trusted       <integer> = 0x0000000000000001 (1)
00:00:12.467764 
00:00:12.467764 [/Devices/ahci/0/Config/] (level 4)
00:00:12.467765   Bootable  <integer> = 0x0000000000000001 (1)
00:00:12.467766   PortCount <integer> = 0x0000000000000001 (1)
00:00:12.467767 
00:00:12.467767 [/Devices/ahci/0/Config/Port0/] (level 5)
00:00:12.467768   Hotpluggable <integer> = 0x0000000000000000 (0)
00:00:12.467768 
00:00:12.467769 [/Devices/ahci/0/LUN#0/] (level 4)
00:00:12.467770   Driver <string>  = "VD" (cb=3)
00:00:12.467770 
00:00:12.467771 [/Devices/ahci/0/LUN#0/Config/] (level 5)
00:00:12.467772   BlockCache <integer> = 0x0000000000000001 (1)
00:00:12.467772   Format     <string>  = "VDI" (cb=4)
00:00:12.467773   Mountable  <integer> = 0x0000000000000000 (0)
00:00:12.467774   Path       <string>  = "E:\site-ecommerce\memoire\memoire.vdi" (cb=38)
00:00:12.467775   Type       <string>  = "HardDisk" (cb=9)
00:00:12.467776   UseNewIo   <integer> = 0x0000000000000001 (1)
00:00:12.467776 
00:00:12.467776 [/Devices/ahci/0/LUN#0/Config/VDConfig/] (level 6)
00:00:12.467778   AllocationBlockSize <string>  = "1048576" (cb=8)
00:00:12.467778 
00:00:12.467779 [/Devices/ahci/0/LUN#999/] (level 4)
00:00:12.467780   Driver <string>  = "MainStatus" (cb=11)
00:00:12.467780 
00:00:12.467780 [/Devices/ahci/0/LUN#999/Config/] (level 5)
00:00:12.467782   DeviceInstance       <string>  = "ahci/0" (cb=7)
00:00:12.467782   First                <integer> = 0x0000000000000000 (0)
00:00:12.467783   HasMediumAttachments <integer> = 0x0000000000000001 (1)
00:00:12.467784   Last                 <integer> = 0x0000000000000000 (0)
00:00:12.467785   iLedSet              <integer> = 0x0000000000000004 (4)
00:00:12.467786 
00:00:12.467786 [/Devices/apic/] (level 2)
00:00:12.467787 
00:00:12.467787 [/Devices/apic/0/] (level 3)
00:00:12.467788   Trusted <integer> = 0x0000000000000001 (1)
00:00:12.467788 
00:00:12.467789 [/Devices/apic/0/Config/] (level 4)
00:00:12.467790   IOAPIC  <integer> = 0x0000000000000001 (1)
00:00:12.467791   Mode    <integer> = 0x0000000000000003 (3)
00:00:12.467791   NumCPUs <integer> = 0x0000000000000003 (3)
00:00:12.467792 
00:00:12.467792 [/Devices/dp8390/] (level 2)
00:00:12.467793 
00:00:12.467793 [/Devices/e1000/] (level 2)
00:00:12.467794 
00:00:12.467794 [/Devices/e1000/0/] (level 3)
00:00:12.467795   PCIBusNo      <integer> = 0x0000000000000000 (0)
00:00:12.467796   PCIDeviceNo   <integer> = 0x0000000000000003 (3)
00:00:12.467796   PCIFunctionNo <integer> = 0x0000000000000000 (0)
00:00:12.467797   Trusted       <integer> = 0x0000000000000001 (1)
00:00:12.467798 
00:00:12.467798 [/Devices/e1000/0/Config/] (level 4)
00:00:12.467799   AdapterType    <integer> = 0x0000000000000000 (0)
00:00:12.467800   CableConnected <integer> = 0x0000000000000001 (1)
00:00:12.467800   LineSpeed      <integer> = 0x0000000000000000 (0)
00:00:12.467801   MAC            <bytes>   = "08 00 27 a3 ab f9" (cb=6)
00:00:12.467803 
00:00:12.467803 [/Devices/e1000/0/LUN#0/] (level 4)
00:00:12.467804   Driver <string>  = "NAT" (cb=4)
00:00:12.467804 
00:00:12.467805 [/Devices/e1000/0/LUN#0/Config/] (level 5)
00:00:12.467806   AliasMode          <integer> = 0x0000000000000000 (0)
00:00:12.467807   BootFile           <string>  = "memoire.pxe" (cb=12)
00:00:12.467808   DNSProxy           <integer> = 0x0000000000000000 (0)
00:00:12.467808   LocalhostReachable <integer> = 0x0000000000000000 (0)
00:00:12.467809   Network            <string>  = "10.0.2.0/24" (cb=12)
00:00:12.467810   PassDomain         <integer> = 0x0000000000000001 (1)
00:00:12.467811   TFTPPrefix         <string>  = "C:\Users\MARWAN\.VirtualBox\TFTP" (cb=33)
00:00:12.467812   UseHostResolver    <integer> = 0x0000000000000000 (0)
00:00:12.467812 
00:00:12.467813 [/Devices/e1000/0/LUN#999/] (level 4)
00:00:12.467814   Driver <string>  = "MainStatus" (cb=11)
00:00:12.467814 
00:00:12.467814 [/Devices/e1000/0/LUN#999/Config/] (level 5)
00:00:12.467815   First                <integer> = 0x0000000000000000 (0)
00:00:12.467816   HasMediumAttachments <integer> = 0x0000000000000000 (0)
00:00:12.467817   Last                 <integer> = 0x0000000000000000 (0)
00:00:12.467818   iLedSet              <integer> = 0x0000000000000005 (5)
00:00:12.467819 
00:00:12.467819 [/Devices/i8254/] (level 2)
00:00:12.467820 
00:00:12.467820 [/Devices/i8254/0/] (level 3)
00:00:12.467821 
00:00:12.467821 [/Devices/i8254/0/Config/] (level 4)
00:00:12.467822 
00:00:12.467822 [/Devices/i8259/] (level 2)
00:00:12.467823 
00:00:12.467823 [/Devices/i8259/0/] (level 3)
00:00:12.467824   Trusted <integer> = 0x0000000000000001 (1)
00:00:12.467825 
00:00:12.467825 [/Devices/i8259/0/Config/] (level 4)
00:00:12.467826 
00:00:12.467826 [/Devices/ichac97/] (level 2)
00:00:12.467827 
00:00:12.467827 [/Devices/ichac97/0/] (level 3)
00:00:12.467828   PCIBusNo      <integer> = 0x0000000000000000 (0)
00:00:12.467828   PCIDeviceNo   <integer> = 0x0000000000000005 (5)
00:00:12.467829   PCIFunctionNo <integer> = 0x0000000000000000 (0)
00:00:12.467830   Trusted       <integer> = 0x0000000000000001 (1)
00:00:12.467830 
00:00:12.467831 [/Devices/ichac97/0/AudioConfig/] (level 4)
00:00:12.467832 
00:00:12.467832 [/Devices/ichac97/0/Config/] (level 4)
00:00:12.467833   Codec        <string>  = "AD1980" (cb=7)
00:00:12.467834   DebugEnabled <integer> = 0x0000000000000000 (0)
00:00:12.467835 
00:00:12.467835 [/Devices/ichac97/0/LUN#0/] (level 4)
00:00:12.467836   Driver <string>  = "AUDIO" (cb=6)
00:00:12.467836 
00:00:12.467837 [/Devices/ichac97/0/LUN#0/AttachedDriver/] (level 5)
00:00:12.467838   Driver <string>  = "HostAudioWas" (cb=13)
00:00:12.467838 
00:00:12.467839 [/Devices/ichac97/0/LUN#0/AttachedDriver/Config/] (level 6)
00:00:12.467840   VmName <string>  = "memoire" (cb=8)
00:00:12.467841   VmUuid <string>  = "52fcc80d-edb1-49e2-857e-12ec01462f19" (cb=37)
00:00:12.467841 
00:00:12.467841 [/Devices/ichac97/0/LUN#0/Config/] (level 5)
00:00:12.467843   DriverName    <string>  = "HostAudioWas" (cb=13)
00:00:12.467843   InputEnabled  <integer> = 0x0000000000000000 (0)
00:00:12.467844   OutputEnabled <integer> = 0x0000000000000001 (1)
00:00:12.467844 
00:00:12.467845 [/Devices/ichac97/0/LUN#1/] (level 4)
00:00:12.467846   Driver <string>  = "AUDIO" (cb=6)
00:00:12.467846 
00:00:12.467846 [/Devices/ichac97/0/LUN#2/] (level 4)
00:00:12.467847   Driver <string>  = "AUDIO" (cb=6)
00:00:12.467848 
00:00:12.467848 [/Devices/ioapic/] (level 2)
00:00:12.467849 
00:00:12.467849 [/Devices/ioapic/0/] (level 3)
00:00:12.467850   Trusted <integer> = 0x0000000000000001 (1)
00:00:12.467850 
00:00:12.467851 [/Devices/ioapic/0/Config/] (level 4)
00:00:12.467852   NumCPUs <integer> = 0x0000000000000003 (3)
00:00:12.467852 
00:00:12.467852 [/Devices/mc146818/] (level 2)
00:00:12.467853 
00:00:12.467854 [/Devices/mc146818/0/] (level 3)
00:00:12.467854 
00:00:12.467855 [/Devices/mc146818/0/Config/] (level 4)
00:00:12.467856   UseUTC <integer> = 0x0000000000000001 (1)
00:00:12.467856 
00:00:12.467857 [/Devices/parallel/] (level 2)
00:00:12.467857 
00:00:12.467857 [/Devices/pcarch/] (level 2)
00:00:12.467858 
00:00:12.467858 [/Devices/pcarch/0/] (level 3)
00:00:12.467859   Trusted <integer> = 0x0000000000000001 (1)
00:00:12.467860 
00:00:12.467860 [/Devices/pcarch/0/Config/] (level 4)
00:00:12.467861 
00:00:12.467861 [/Devices/pcbios/] (level 2)
00:00:12.467862 
00:00:12.467862 [/Devices/pcbios/0/] (level 3)
00:00:12.467863   Trusted <integer> = 0x0000000000000001 (1)
00:00:12.467864 
00:00:12.467864 [/Devices/pcbios/0/Config/] (level 4)
00:00:12.467865   APIC               <integer> = 0x0000000000000001 (1)
00:00:12.467866   BootDevice0        <string>  = "IDE" (cb=4)
00:00:12.467867   BootDevice1        <string>  = "DVD" (cb=4)
00:00:12.467868   BootDevice2        <string>  = "FLOPPY" (cb=7)
00:00:12.467868   BootDevice3        <string>  = "NONE" (cb=5)
00:00:12.467869   FloppyDevice       <string>  = "i82078" (cb=7)
00:00:12.467870   HardDiskDevice     <string>  = "piix3ide" (cb=9)
00:00:12.467870   IOAPIC             <integer> = 0x0000000000000001 (1)
00:00:12.467871   McfgBase           <integer> = 0x0000000000000000 (0)
00:00:12.467872   McfgLength         <integer> = 0x0000000000000000 (0)
00:00:12.467873   NumCPUs            <integer> = 0x0000000000000003 (3)
00:00:12.467873   PXEDebug           <integer> = 0x0000000000000000 (0)
00:00:12.467874   SataHardDiskDevice <string>  = "ahci" (cb=5)
00:00:12.467875   SataLUN1           <integer> = 0x0000000000000000 (0)
00:00:12.467876   UUID               <bytes>   = "0d c8 fc 52 b1 ed e2 49 85 7e 12 ec 01 46 2f 19" (cb=16)
00:00:12.467878   UuidLe             <integer> = 0x0000000000000001 (1)
00:00:12.467879 
00:00:12.467879 [/Devices/pcbios/0/Config/NetBoot/] (level 5)
00:00:12.467880 
00:00:12.467880 [/Devices/pcbios/0/Config/NetBoot/0/] (level 6)
00:00:12.467881   NIC           <integer> = 0x0000000000000000 (0)
00:00:12.467882   PCIBusNo      <integer> = 0x0000000000000000 (0)
00:00:12.467883   PCIDeviceNo   <integer> = 0x0000000000000003 (3)
00:00:12.467884   PCIFunctionNo <integer> = 0x0000000000000000 (0)
00:00:12.467884 
00:00:12.467885 [/Devices/pci/] (level 2)
00:00:12.467885 
00:00:12.467886 [/Devices/pci/0/] (level 3)
00:00:12.467886   Trusted <integer> = 0x0000000000000001 (1)
00:00:12.467887 
00:00:12.467887 [/Devices/pci/0/Config/] (level 4)
00:00:12.467888   IOAPIC <integer> = 0x0000000000000001 (1)
00:00:12.467889 
00:00:12.467889 [/Devices/pcibridge/] (level 2)
00:00:12.467890 
00:00:12.467890 [/Devices/pckbd/] (level 2)
00:00:12.467891 
00:00:12.467891 [/Devices/pckbd/0/] (level 3)
00:00:12.467892   Trusted <integer> = 0x0000000000000001 (1)
00:00:12.467893 
00:00:12.467893 [/Devices/pckbd/0/Config/] (level 4)
00:00:12.467894 
00:00:12.467894 [/Devices/pckbd/0/LUN#0/] (level 4)
00:00:12.467895   Driver <string>  = "KeyboardQueue" (cb=14)
00:00:12.467896 
00:00:12.467896 [/Devices/pckbd/0/LUN#0/AttachedDriver/] (level 5)
00:00:12.467897   Driver <string>  = "MainKeyboard" (cb=13)
00:00:12.467898 
00:00:12.467898 [/Devices/pckbd/0/LUN#0/Config/] (level 5)
00:00:12.467899   QueueSize <integer> = 0x0000000000000040 (64, 64 B)
00:00:12.467900 
00:00:12.467900 [/Devices/pckbd/0/LUN#1/] (level 4)
00:00:12.467901   Driver <string>  = "MouseQueue" (cb=11)
00:00:12.467902 
00:00:12.467902 [/Devices/pckbd/0/LUN#1/AttachedDriver/] (level 5)
00:00:12.467903   Driver <string>  = "MainMouse" (cb=10)
00:00:12.467904 
00:00:12.467904 [/Devices/pckbd/0/LUN#1/Config/] (level 5)
00:00:12.467905   QueueSize <integer> = 0x0000000000000080 (128, 128 B)
00:00:12.467906 
00:00:12.467906 [/Devices/pcnet/] (level 2)
00:00:12.467907 
00:00:12.467907 [/Devices/piix3ide/] (level 2)
00:00:12.467908 
00:00:12.467908 [/Devices/piix3ide/0/] (level 3)
00:00:12.467909   PCIBusNo      <integer> = 0x0000000000000000 (0)
00:00:12.467910   PCIDeviceNo   <integer> = 0x0000000000000001 (1)
00:00:12.467911   PCIFunctionNo <integer> = 0x0000000000000001 (1)
00:00:12.467911   Trusted       <integer> = 0x0000000000000001 (1)
00:00:12.467912 
00:00:12.467912 [/Devices/piix3ide/0/Config/] (level 4)
00:00:12.467913   Type <string>  = "PIIX4" (cb=6)
00:00:12.467914 
00:00:12.467914 [/Devices/piix3ide/0/LUN#2/] (level 4)
00:00:12.467915   Driver <string>  = "VD" (cb=3)
00:00:12.467915 
00:00:12.467916 [/Devices/piix3ide/0/LUN#2/Config/] (level 5)
00:00:12.467917   Format    <string>  = "VBoxIsoMaker" (cb=13)
00:00:12.467917   Mountable <integer> = 0x0000000000000001 (1)
00:00:12.467918   Path      <string>  = "E:\site-ecommerce\memoire\Unattended-52fcc80d-edb1-49e2-857e-12ec01462f19-aux-iso.viso" (cb=87)
00:00:12.467919   ReadOnly  <integer> = 0x0000000000000001 (1)
00:00:12.467920   Type      <string>  = "DVD" (cb=4)
00:00:12.467920 
00:00:12.467920 [/Devices/piix3ide/0/LUN#2/Config/VDConfig/] (level 6)
00:00:12.467922   UnattendedInstall <string>  = "1" (cb=2)
00:00:12.467923 
00:00:12.467924 [/Devices/piix3ide/0/LUN#999/] (level 4)
00:00:12.467925   Driver <string>  = "MainStatus" (cb=11)
00:00:12.467926 
00:00:12.467926 [/Devices/piix3ide/0/LUN#999/Config/] (level 5)
00:00:12.467928   DeviceInstance       <string>  = "piix3ide/0" (cb=11)
00:00:12.467929   First                <integer> = 0x0000000000000000 (0)
00:00:12.467930   HasMediumAttachments <integer> = 0x0000000000000001 (1)
00:00:12.467931   Last                 <integer> = 0x0000000000000003 (3)
00:00:12.467932   iLedSet              <integer> = 0x0000000000000003 (3)
00:00:12.467934 
00:00:12.467934 [/Devices/serial/] (level 2)
00:00:12.467935 
00:00:12.467936 [/Devices/usb-ehci/] (level 2)
00:00:12.467937 
00:00:12.467937 [/Devices/usb-ehci/0/] (level 3)
00:00:12.467939   PCIBusNo      <integer> = 0x0000000000000000 (0)
00:00:12.467940   PCIDeviceNo   <integer> = 0x000000000000000b (11)
00:00:12.467941   PCIFunctionNo <integer> = 0x0000000000000000 (0)
00:00:12.467942   Trusted       <integer> = 0x0000000000000001 (1)
00:00:12.467943 
00:00:12.467944 [/Devices/usb-ehci/0/Config/] (level 4)
00:00:12.467945 
00:00:12.467945 [/Devices/usb-ehci/0/LUN#0/] (level 4)
00:00:12.467946   Driver <string>  = "VUSBRootHub" (cb=12)
00:00:12.467946 
00:00:12.467947 [/Devices/usb-ehci/0/LUN#0/Config/] (level 5)
00:00:12.467948 
00:00:12.467948 [/Devices/usb-ehci/0/LUN#999/] (level 4)
00:00:12.467949   Driver <string>  = "MainStatus" (cb=11)
00:00:12.467949 
00:00:12.467950 [/Devices/usb-ehci/0/LUN#999/Config/] (level 5)
00:00:12.467951   First                <integer> = 0x0000000000000000 (0)
00:00:12.467952   HasMediumAttachments <integer> = 0x0000000000000000 (0)
00:00:12.467952   Last                 <integer> = 0x0000000000000000 (0)
00:00:12.467953   iLedSet              <integer> = 0x0000000000000002 (2)
00:00:12.467954 
00:00:12.467954 [/Devices/usb-ohci/] (level 2)
00:00:12.467955 
00:00:12.467955 [/Devices/usb-ohci/0/] (level 3)
00:00:12.467956   PCIBusNo      <integer> = 0x0000000000000000 (0)
00:00:12.467957   PCIDeviceNo   <integer> = 0x0000000000000006 (6)
00:00:12.467958   PCIFunctionNo <integer> = 0x0000000000000000 (0)
00:00:12.467958   Trusted       <integer> = 0x0000000000000001 (1)
00:00:12.467959 
00:00:12.467959 [/Devices/usb-ohci/0/Config/] (level 4)
00:00:12.467960 
00:00:12.467960 [/Devices/usb-ohci/0/LUN#0/] (level 4)
00:00:12.467961   Driver <string>  = "VUSBRootHub" (cb=12)
00:00:12.467962 
00:00:12.467962 [/Devices/usb-ohci/0/LUN#0/Config/] (level 5)
00:00:12.467963 
00:00:12.467963 [/Devices/usb-ohci/0/LUN#999/] (level 4)
00:00:12.467964   Driver <string>  = "MainStatus" (cb=11)
00:00:12.467965 
00:00:12.467965 [/Devices/usb-ohci/0/LUN#999/Config/] (level 5)
00:00:12.467966   First                <integer> = 0x0000000000000000 (0)
00:00:12.467967   HasMediumAttachments <integer> = 0x0000000000000000 (0)
00:00:12.467967   Last                 <integer> = 0x0000000000000000 (0)
00:00:12.467968   iLedSet              <integer> = 0x0000000000000001 (1)
00:00:12.467969 
00:00:12.467969 [/Devices/vga/] (level 2)
00:00:12.467970 
00:00:12.467970 [/Devices/vga/0/] (level 3)
00:00:12.467971   PCIBusNo      <integer> = 0x0000000000000000 (0)
00:00:12.467972   PCIDeviceNo   <integer> = 0x0000000000000002 (2)
00:00:12.467973   PCIFunctionNo <integer> = 0x0000000000000000 (0)
00:00:12.467973   Trusted       <integer> = 0x0000000000000001 (1)
00:00:12.467974 
00:00:12.467974 [/Devices/vga/0/Config/] (level 4)
00:00:12.467976   3DEnabled          <integer> = 0x0000000000000000 (0)
00:00:12.467976   CustomVideoModes   <integer> = 0x0000000000000000 (0)
00:00:12.467977   FadeIn             <integer> = 0x0000000000000001 (1)
00:00:12.467978   FadeOut            <integer> = 0x0000000000000001 (1)
00:00:12.467979   HeightReduction    <integer> = 0x0000000000000000 (0)
00:00:12.467980   LogoFile           <string>  = "" (cb=1)
00:00:12.467980   LogoTime           <integer> = 0x0000000000000000 (0)
00:00:12.467981   MonitorCount       <integer> = 0x0000000000000001 (1)
00:00:12.467982   ShowBootMenu       <integer> = 0x0000000000000002 (2)
00:00:12.467983   VMSVGA3dEnabled    <integer> = 0x0000000000000000 (0)
00:00:12.467983   VMSVGAEnabled      <integer> = 0x0000000000000001 (1)
00:00:12.467984   VMSVGAPciBarLayout <integer> = 0x0000000000000001 (1)
00:00:12.467985   VMSVGAPciId        <integer> = 0x0000000000000001 (1)
00:00:12.467985   VRamSize           <integer> = 0x0000000001000000 (16 777 216, 16.0 MiB)
00:00:12.467987 
00:00:12.467987 [/Devices/vga/0/LUN#0/] (level 4)
00:00:12.467988   Driver <string>  = "MainDisplay" (cb=12)
00:00:12.467989 
00:00:12.467989 [/Devices/vga/0/LUN#0/Config/] (level 5)
00:00:12.467990 
00:00:12.467990 [/Devices/vga/0/LUN#999/] (level 4)
00:00:12.467991   Driver <string>  = "MainStatus" (cb=11)
00:00:12.467992 
00:00:12.467992 [/Devices/vga/0/LUN#999/Config/] (level 5)
00:00:12.467993   First                <integer> = 0x0000000000000000 (0)
00:00:12.467994   HasMediumAttachments <integer> = 0x0000000000000000 (0)
00:00:12.467995   Last                 <integer> = 0x0000000000000000 (0)
00:00:12.467996   iLedSet              <integer> = 0x0000000000000000 (0)
00:00:12.467996 
00:00:12.467997 [/Devices/virtio-net/] (level 2)
00:00:12.467998 
00:00:12.467999 [/EM/] (level 1)
00:00:12.467999   TripleFaultReset <integer> = 0x0000000000000000 (0)
00:00:12.468000 
00:00:12.468000 [/GCM/] (level 1)
00:00:12.468001   FixerSet <integer> = 0x0000000000000000 (0)
00:00:12.468002 
00:00:12.468002 [/GIM/] (level 1)
00:00:12.468003   Provider <string>  = "KVM" (cb=4)
00:00:12.468003 
00:00:12.468003 [/HM/] (level 1)
00:00:12.468005   64bitEnabled            <integer> = 0x0000000000000001 (1)
00:00:12.468006   EnableLargePages        <integer> = 0x0000000000000001 (1)
00:00:12.468007   EnableNestedPaging      <integer> = 0x0000000000000001 (1)
00:00:12.468007   EnableUX                <integer> = 0x0000000000000001 (1)
00:00:12.468008   EnableVPID              <integer> = 0x0000000000000001 (1)
00:00:12.468009   Exclusive               <integer> = 0x0000000000000000 (0)
00:00:12.468010   HMForced                <integer> = 0x0000000000000001 (1)
00:00:12.468011   IBPBOnVMEntry           <integer> = 0x0000000000000000 (0)
00:00:12.468012   IBPBOnVMExit            <integer> = 0x0000000000000000 (0)
00:00:12.468013   L1DFlushOnSched         <integer> = 0x0000000000000001 (1)
00:00:12.468013   L1DFlushOnVMEntry       <integer> = 0x0000000000000000 (0)
00:00:12.468014   LovelyMesaDrvWorkaround <integer> = 0x0000000000000001 (1)
00:00:12.468015   MDSClearOnSched         <integer> = 0x0000000000000001 (1)
00:00:12.468015   MDSClearOnVMEntry       <integer> = 0x0000000000000000 (0)
00:00:12.468016   SpecCtrlByHost          <integer> = 0x0000000000000000 (0)
00:00:12.468017   SvmVirtVmsaveVmload     <integer> = 0x0000000000000000 (0)
00:00:12.468018   UseNEMInstead           <integer> = 0x0000000000000000 (0)
00:00:12.468018 
00:00:12.468019 [/MM/] (level 1)
00:00:12.468019   CanUseLargerHeap <integer> = 0x0000000000000000 (0)
00:00:12.468020 
00:00:12.468020 [/NEM/] (level 1)
00:00:12.468021   Allow64BitGuests        <integer> = 0x0000000000000001 (1)
00:00:12.468022   LovelyMesaDrvWorkaround <integer> = 0x0000000000000001 (1)
00:00:12.468022 
00:00:12.468023 [/PDM/] (level 1)
00:00:12.468023 
00:00:12.468023 [/PDM/AsyncCompletion/] (level 2)
00:00:12.468024 
00:00:12.468025 [/PDM/AsyncCompletion/File/] (level 3)
00:00:12.468026 
00:00:12.468026 [/PDM/AsyncCompletion/File/BwGroups/] (level 4)
00:00:12.468027 
00:00:12.468027 [/PDM/BlkCache/] (level 2)
00:00:12.468028   CacheSize <integer> = 0x0000000000500000 (5 242 880, 5.0 MiB)
00:00:12.468029 
00:00:12.468029 [/PDM/Devices/] (level 2)
00:00:12.468030 
00:00:12.468030 [/PDM/Drivers/] (level 2)
00:00:12.468031 
00:00:12.468031 [/PDM/Drivers/VBoxC/] (level 3)
00:00:12.468032   Path <string>  = "VBoxC" (cb=6)
00:00:12.468033 
00:00:12.468033 [/PDM/NetworkShaper/] (level 2)
00:00:12.468034 
00:00:12.468034 [/PDM/NetworkShaper/BwGroups/] (level 3)
00:00:12.468035 
00:00:12.468035 [/TM/] (level 1)
00:00:12.468036   UTCOffset <integer> = 0x0000000000000000 (0)
00:00:12.468037 
00:00:12.468037 [/USB/] (level 1)
00:00:12.468037 
00:00:12.468038 [/USB/HidMouse/] (level 2)
00:00:12.468038 
00:00:12.468039 [/USB/HidMouse/0/] (level 3)
00:00:12.468039 
00:00:12.468040 [/USB/HidMouse/0/Config/] (level 4)
00:00:12.468041   Mode <string>  = "absolute" (cb=9)
00:00:12.468041 
00:00:12.468041 [/USB/HidMouse/0/LUN#0/] (level 4)
00:00:12.468042   Driver <string>  = "MouseQueue" (cb=11)
00:00:12.468043 
00:00:12.468043 [/USB/HidMouse/0/LUN#0/AttachedDriver/] (level 5)
00:00:12.468044   Driver <string>  = "MainMouse" (cb=10)
00:00:12.468045 
00:00:12.468045 [/USB/HidMouse/0/LUN#0/Config/] (level 5)
00:00:12.468046   QueueSize <integer> = 0x0000000000000080 (128, 128 B)
00:00:12.468047 
00:00:12.468047 [/USB/USBProxy/] (level 2)
00:00:12.468048 
00:00:12.468048 [/USB/USBProxy/GlobalConfig/] (level 3)
00:00:12.468049 
00:00:12.468050 ********************* End of CFGM dump **********************
00:00:12.468620 HM: HMR3Init: Attempting fall back to NEM: VT-x is not available
00:00:12.510745 NEM:  info: Found optional import WinHvPlatform.dll!WHvQueryGpaRangeDirtyBitmap.
00:00:12.510771 NEM:  info: Found optional import vid.dll!VidGetHvPartitionId.
00:00:12.510780 NEM:  info: Found optional import vid.dll!VidGetPartitionProperty.
00:00:12.511093 NEM: WHvCapabilityCodeHypervisorPresent is TRUE, so this might work...
00:00:12.511105 NEM: WHvCapabilityCodeExtendedVmExits      = 0x0000000000007fff
00:00:12.511116 NEM:                       fExtendedMsrExit: 1
00:00:12.511125 NEM:                     fExtendedCpuIdExit: 1
00:00:12.511133 NEM:                      fExtendedXcptExit: 1
00:00:12.511141 NEM: Warning! Unknown VM exit definitions: 0x7fff
00:00:12.511149 NEM: Warning! Unknown feature definitions: 0x2ff
00:00:12.511157 NEM: Supported exception exit bitmap: 0xf7dfb
00:00:12.511171 NEM: WHvCapabilityCodeProcessorVendor      = 1 - Intel
00:00:12.511191 NEM: WHvCapabilityCodeProcessorFeatures    = 0x3e1bfbcfe7f7859f
00:00:12.511200 NEM:                            Sse3Support: 1
00:00:12.511209 NEM:                        LahfSahfSupport: 1
00:00:12.511217 NEM:                           Ssse3Support: 1
00:00:12.511225 NEM:                          Sse4_1Support: 1
00:00:12.511233 NEM:                          Sse4_2Support: 1
00:00:12.511240 NEM:                           Sse4aSupport: 0
00:00:12.511248 NEM:                             XopSupport: 0
00:00:12.511256 NEM:                          PopCntSupport: 1
00:00:12.511264 NEM:                      Cmpxchg16bSupport: 1
00:00:12.511272 NEM:                       Altmovcr8Support: 0
00:00:12.511281 NEM:                           LzcntSupport: 1
00:00:12.511289 NEM:                     MisAlignSseSupport: 0
00:00:12.511297 NEM:                          MmxExtSupport: 0
00:00:12.511304 NEM:                        Amd3DNowSupport: 0
00:00:12.511312 NEM:                ExtendedAmd3DNowSupport: 0
00:00:12.511320 NEM:                         Page1GbSupport: 1
00:00:12.511381 NEM:                             AesSupport: 1
00:00:12.511392 NEM:                       PclmulqdqSupport: 1
00:00:12.511400 NEM:                            PcidSupport: 1
00:00:12.511408 NEM:                            Fma4Support: 0
00:00:12.511416 NEM:                            F16CSupport: 1
00:00:12.511424 NEM:                          RdRandSupport: 1
00:00:12.511432 NEM:                        RdWrFsGsSupport: 1
00:00:12.511440 NEM:                            SmepSupport: 1
00:00:12.511447 NEM:              EnhancedFastStringSupport: 1
00:00:12.511455 NEM:                            Bmi1Support: 1
00:00:12.511465 NEM:                            Bmi2Support: 1
00:00:12.511476 NEM:                           MovbeSupport: 1
00:00:12.511488 NEM:                          Npiep1Support: 1
00:00:12.511498 NEM:                   DepX87FPUSaveSupport: 1
00:00:12.511506 NEM:                          RdSeedSupport: 1
00:00:12.511514 NEM:                             AdxSupport: 1
00:00:12.511522 NEM:                   IntelPrefetchSupport: 1
00:00:12.511529 NEM:                            SmapSupport: 1
00:00:12.511537 NEM:                             HleSupport: 0
00:00:12.511546 NEM:                             RtmSupport: 0
00:00:12.511554 NEM:                          RdtscpSupport: 1
00:00:12.511562 NEM:                      ClflushoptSupport: 1
00:00:12.511570 NEM:                            ClwbSupport: 1
00:00:12.511578 NEM:                             ShaSupport: 1
00:00:12.511586 NEM:                X87PointersSavedSupport: 0
00:00:12.511594 NEM: Warning! Unknown CPU features: 0x3e1bfbcfe7f7859f
00:00:12.511609 NEM: WHvCapabilityCodeProcessorClFlushSize = 2^8
00:00:12.511619 NEM: Warning! Unknown capability 0x4 returning: 3f 00 00 00 00 00 00 00 00 00 00 00 00 00 00 00 00 00 00 00 00 00 00 00
00:00:12.511630 NEM: Warning! Unknown capability 0x5 returning: 03 00 00 00 00 00 00 00 00 00 00 00 00 00 00 00 00 00 00 00 00 00 00 00
00:00:12.511654 NEM: Warning! Unknown capability 0x6 returning: 00 00 00 00 00 00 00 00 00 00 00 00 00 00 00 00 00 00 00 00 00 00 00 00
00:00:12.512145 NEM: Warning! Unknown capability 0x1003 returning: 1f 38 58 40 00 00 00 00 00 00 00 00 00 00 00 00 00 00 00 00 00 00 00 00
00:00:12.512174 NEM: Warning! Unknown capability 0x1004 returning: e0 a7 37 a0 00 00 00 00 00 00 00 00 00 00 00 00 00 00 00 00 00 00 00 00
00:00:12.512185 NEM: Warning! Unknown capability 0x1005 returning: 00 c2 eb 0b 00 00 00 00 00 00 00 00 00 00 00 00 00 00 00 00 00 00 00 00
00:00:12.512195 NEM: Warning! Unknown capability 0x1006 returning: 02 00 00 00 00 00 00 00 9f 85 f7 e7 cf fb 1b 3e e3 77 97 1e 0f 00 02 00
00:00:12.512206 NEM: Warning! Unknown capability 0x1007 returning: 00 00 00 00 00 00 00 00 00 00 00 00 00 00 00 00 00 00 00 00 00 00 00 00
00:00:12.512222 NEM: Warning! Unknown capability 0x1008 returning: 01 00 00 00 00 00 00 00 ff 8f 44 ff 6f 00 00 00 00 00 00 00 00 00 00 00
00:00:12.512238 NEM: Warning! Unknown capability 0x1009 returning: 00 00 00 00 00 00 00 00 00 00 00 00 00 00 00 00 00 00 00 00 00 00 00 00
00:00:12.512255 NEM: Warning! Unknown capability 0x100a returning: 27 00 00 00 00 00 00 00 00 00 00 00 00 00 00 00 00 00 00 00 00 00 00 00
00:00:12.512384 NEM: Warning! Unknown capability 0x2000 returning: 01 00 00 00 00 10 d8 01 00 00 00 00 00 00 00 00 00 00 00 00 00 00 00 00
00:00:12.512406 NEM: Warning! Unknown capability 0x2001 returning: 16 00 00 00 3f 00 00 00 00 00 00 00 00 00 00 00 00 00 00 00 00 00 00 00
00:00:12.512427 NEM: Warning! Unknown capability 0x2002 returning: f2 e5 01 24 fe ff f9 f7 00 00 00 00 00 00 00 00 00 00 00 00 00 00 00 00
00:00:12.512443 NEM: Warning! Unknown capability 0x2003 returning: ff 6f 03 00 ff ff 3f 14 00 00 00 00 00 00 00 00 00 00 00 00 00 00 00 00
00:00:12.512460 NEM: Warning! Unknown capability 0x2004 returning: ff 11 00 00 ff f3 30 00 00 00 00 00 00 00 00 00 00 00 00 00 00 00 00 00
00:00:12.512481 NEM: Warning! Unknown capability 0x2005 returning: 60 00 00 00 00 00 00 00 00 00 00 00 00 00 00 00 00 00 00 00 00 00 00 00
00:00:12.512508 NEM: Warning! Unknown capability 0x2006 returning: 21 00 00 80 00 00 00 00 00 00 00 00 00 00 00 00 00 00 00 00 00 00 00 00
00:00:12.512533 NEM: Warning! Unknown capability 0x2007 returning: ff ff ff ff 00 00 00 00 00 00 00 00 00 00 00 00 00 00 00 00 00 00 00 00
00:00:12.512556 NEM: Warning! Unknown capability 0x2008 returning: 00 20 00 00 00 00 00 00 00 00 00 00 00 00 00 00 00 00 00 00 00 00 00 00
00:00:12.512576 NEM: Warning! Unknown capability 0x2009 returning: ff 2f b7 00 00 00 00 00 00 00 00 00 00 00 00 00 00 00 00 00 00 00 00 00
00:00:12.512603 NEM: Warning! Unknown capability 0x200a returning: 2a 00 00 00 00 00 00 00 00 00 00 00 00 00 00 00 00 00 00 00 00 00 00 00
00:00:12.512625 NEM: Warning! Unknown capability 0x200b returning: 00 00 00 00 ae 18 50 06 00 00 00 00 00 00 00 00 00 00 00 00 00 00 00 00
00:00:12.512647 NEM: Warning! Unknown capability 0x200c returning: 41 40 f3 06 01 0f 00 00 00 00 00 00 00 00 00 00 00 00 00 00 00 00 00 00
00:00:12.512669 NEM: Warning! Unknown capability 0x200d returning: 16 00 00 00 3f 00 00 00 00 00 00 00 00 00 00 00 00 00 00 00 00 00 00 00
00:00:12.512692 NEM: Warning! Unknown capability 0x200e returning: f2 65 00 24 fe ff f9 f7 00 00 00 00 00 00 00 00 00 00 00 00 00 00 00 00
00:00:12.512714 NEM: Warning! Unknown capability 0x200f returning: fb 6f 03 00 ff ff 3f 14 00 00 00 00 00 00 00 00 00 00 00 00 00 00 00 00
00:00:12.513775 NEM: Created partition 000002714170b230.
00:00:12.513826 NEM: Adjusting APIC configuration from X2APIC to APIC max mode.  X2APIC is not supported by the WinHvPlatform API!
00:00:12.513838 NEM: Disable Hyper-V if you need X2APIC for your guests!
00:00:12.514128 NEM:
00:00:12.514129 NEM: NEMR3Init: Snail execution mode is active!
00:00:12.514129 NEM: Note! VirtualBox is not able to run at its full potential in this execution mode.
00:00:12.514129 NEM:       To see VirtualBox run at max speed you need to disable all Windows features
00:00:12.514130 NEM:       making use of Hyper-V.  That is a moving target, so google how and carefully
00:00:12.514130 NEM:       consider the consequences of disabling these features.
00:00:12.514130 NEM:
00:00:12.514197 CPUM: No hardware-virtualization capability detected
00:00:12.514210 CPUM: fXStateHostMask=0x7; initial: 0x7; host XCR0=0x7
00:00:12.519258 CPUM: Matched host CPU INTEL 0x6/0x97/0x2 Intel_Core7_AlderLake with CPU DB entry 'Intel Core i7-6700K' (INTEL 0x6/0x5e/0x3 Intel_Core7_Skylake)
00:00:12.519391 CPUM: MXCSR_MASK=0xffff (host: 0xffff)
00:00:12.519445 CPUM: Microcode revision 0x00000035
00:00:12.519486 CPUM: MSR/CPUID reconciliation insert: 0x0000010b IA32_FLUSH_CMD
00:00:12.519502 CPUM: MSR/CPUID reconciliation insert: 0x0000010a IA32_ARCH_CAPABILITIES
00:00:12.519517 CPUM: MSR fudge: 0x00000001 IA32_P5_MC_TYPE
00:00:12.519529 CPUM: MSR fudge: 0x00000017 IA32_PLATFORM_ID
00:00:12.519538 CPUM: MSR fudge: 0x0000001b IA32_APIC_BASE
00:00:12.519548 CPUM: MSR fudge: 0x0000008b BIOS_SIGN
00:00:12.519558 CPUM: MSR fudge: 0x000000fe IA32_MTRRCAP
00:00:12.519569 CPUM: MSR fudge: 0x00000179 IA32_MCG_CAP
00:00:12.519579 CPUM: MSR fudge: 0x0000017a IA32_MCG_STATUS
00:00:12.519588 CPUM: MSR fudge: 0x000001a0 IA32_MISC_ENABLE
00:00:12.519598 CPUM: MSR fudge: 0x000001d9 IA32_DEBUGCTL
00:00:12.519607 CPUM: MSR fudge: 0x000001db P6_LAST_BRANCH_FROM_IP
00:00:12.519617 CPUM: MSR fudge: 0x000001dc P6_LAST_BRANCH_TO_IP
00:00:12.519626 CPUM: MSR fudge: 0x000001dd P6_LAST_INT_FROM_IP
00:00:12.519636 CPUM: MSR fudge: 0x000001de P6_LAST_INT_TO_IP
00:00:12.519645 CPUM: MSR fudge: 0x00000277 IA32_PAT
00:00:12.519656 CPUM: MSR fudge: 0x000002ff IA32_MTRR_DEF_TYPE
00:00:12.519667 CPUM: MSR fudge: 0x00000400 IA32_MCi_CTL_STATUS_ADDR_MISC
00:00:12.519679 CPUM: MSR fudge: 0xc0000103 AMD64_TSC_AUX
00:00:12.519691 CPUM: MSR fudge: 0x00000122 IA32_TSX_CTRL
00:00:12.519723 CPUM: SetGuestCpuIdFeature: Enabled SYSENTER/EXIT
00:00:12.519735 CPUM: SetGuestCpuIdFeature: Enabled SYSCALL/RET
00:00:12.519747 CPUM: SetGuestCpuIdFeature: Enabled PAE
00:00:12.519835 CPUM: SetGuestCpuIdFeature: Enabled LAHF/SAHF
00:00:12.519852 CPUM: SetGuestCpuIdFeature: Enabled NX
00:00:12.519865 CPUM: SetGuestCpuIdFeature: Enabled LONG MODE
00:00:12.534125 NEM: HvPartitionPropertyProcessorVendor=0x1 (1)
00:00:12.534778 NEM: Successfully set up partition (device handle 0000000000001391, partition ID 0x0)
00:00:12.535128 PGM: Host paging mode: AMD64+PGE+NX
00:00:12.535153 PGM: PGMPool: cMaxPages=2816 (u64MaxPages=2791)
00:00:12.535162 PGM: pgmR3PoolInit: cMaxPages=0xb00 cMaxUsers=0x1600 cMaxPhysExts=0x1600 fCacheEnable=true
00:00:12.557639 SUPLib: MEM_LARGE_PAGES privilege not held.
00:00:12.822633 AssertLogRel D:\tinderboxa\win-7.0\src\VBox\Runtime\win\RTErrConvertFromWin32.cpp(464) int __cdecl RTErrConvertFromWin32(unsigned int): <NULL>
00:00:12.822705 Unhandled error 1455
00:00:12.828251 NEM: Destroying partition 000002714170b230 with its 3 VCpus...
00:00:13.090527 VMSetError: D:\tinderboxa\win-7.0\src\VBox\VMM\VMMR3\VM.cpp(341) int __cdecl VMR3Create(unsigned int,const struct VMM2USERMETHODS *,unsigned __int64,void (__cdecl *)(struct UVM *,void *,int,const char *,unsigned int,const char *,const char *,char *) noexcept,void *,int (__cdecl *)(struct UVM *,struct VM *,const struct VMMR3VTABLE *,void *) noexcept,void *,struct VM **,struct UVM **); rc=VERR_UNRESOLVED_ERROR
00:00:13.090536 VMSetError: Unresolved (unknown) host platform error.
00:00:13.092360 ERROR [COM]: aRC=E_FAIL (0x80004005) aIID={6ac83d89-6ee7-4e33-8ae6-b257b2e81be8} aComponent={ConsoleWrap} aText={Unresolved (unknown) host platform error. (VERR_UNRESOLVED_ERROR)}, preserve=false aResultDetail=-35
00:00:13.092684 Console: Machine state changed to 'PoweredOff'
00:00:13.097041 Power up failed (vrc=VERR_UNRESOLVED_ERROR, hrc=E_FAIL (0X80004005))
00:00:13.101281 GUI: UIMachineViewNormal::resendSizeHint: Restoring guest size-hint for screen 0 to 800x600
00:00:13.101336 ERROR [COM]: aRC=E_ACCESSDENIED (0x80070005) aIID={4680b2de-8690-11e9-b83d-5719e53cf1de} aComponent={DisplayWrap} aText={The console is not powered up (Display::setVideoModeHint)}, preserve=false aResultDetail=0
00:00:13.101599 GUI: Aborting startup due to power up progress issue detected...
00:00:13.129623 GUI: UICommon: Handling aboutToQuit request..
00:00:13.808572 GUI: UICommon: aboutToQuit request handled!
